[debug] [2022-12-06T19:34:16.085Z] ----------------------------------------------------------------------
[debug] [2022-12-06T19:34:16.087Z] Command:       /home/porcupine/.nvm/versions/node/v16.10.0/bin/node /home/porcupine/.nvm/versions/node/v12.22.5/bin/firebase deploy
[debug] [2022-12-06T19:34:16.088Z] CLI Version:   11.16.1
[debug] [2022-12-06T19:34:16.088Z] Platform:      linux
[debug] [2022-12-06T19:34:16.088Z] Node Version:  v16.10.0
[debug] [2022-12-06T19:34:16.088Z] Time:          Tue Dec 06 2022 14:34:16 GMT-0500 (Eastern Standard Time)
[debug] [2022-12-06T19:34:16.088Z] ----------------------------------------------------------------------
[debug] 
[debug] [2022-12-06T19:34:16.174Z] > command requires scopes: ["email","openid","https://www.googleapis.com/auth/cloudplatformprojects.readonly","https://www.googleapis.com/auth/firebase","https://www.googleapis.com/auth/cloud-platform"]
[debug] [2022-12-06T19:34:16.175Z] > authorizing via signed-in user (donaldabuah@gmail.com)
[debug] [2022-12-06T19:34:16.175Z] [iam] checking project linkedin-clone-2ec1c for permissions ["firebase.projects.get","firebasedatabase.instances.update","firebasehosting.sites.update"]
[debug] [2022-12-06T19:34:16.178Z] >>> [apiv2][query] POST https://cloudresourcemanager.googleapis.com/v1/projects/linkedin-clone-2ec1c:testIamPermissions [none]
[debug] [2022-12-06T19:34:16.178Z] >>> [apiv2][(partial)header] POST https://cloudresourcemanager.googleapis.com/v1/projects/linkedin-clone-2ec1c:testIamPermissions x-goog-quota-user=projects/linkedin-clone-2ec1c
[debug] [2022-12-06T19:34:16.178Z] >>> [apiv2][body] POST https://cloudresourcemanager.googleapis.com/v1/projects/linkedin-clone-2ec1c:testIamPermissions {"permissions":["firebase.projects.get","firebasedatabase.instances.update","firebasehosting.sites.update"]}
[debug] [2022-12-06T19:34:16.588Z] <<< [apiv2][status] POST https://cloudresourcemanager.googleapis.com/v1/projects/linkedin-clone-2ec1c:testIamPermissions 200
[debug] [2022-12-06T19:34:16.588Z] <<< [apiv2][body] POST https://cloudresourcemanager.googleapis.com/v1/projects/linkedin-clone-2ec1c:testIamPermissions {"permissions":["firebase.projects.get","firebasedatabase.instances.update","firebasehosting.sites.update"]}
[debug] [2022-12-06T19:34:16.590Z] >>> [apiv2][query] GET https://firebase.googleapis.com/v1beta1/projects/linkedin-clone-2ec1c [none]
[debug] [2022-12-06T19:34:16.991Z] <<< [apiv2][status] GET https://firebase.googleapis.com/v1beta1/projects/linkedin-clone-2ec1c 200
[debug] [2022-12-06T19:34:16.992Z] <<< [apiv2][body] GET https://firebase.googleapis.com/v1beta1/projects/linkedin-clone-2ec1c {"projectId":"linkedin-clone-2ec1c","projectNumber":"152256702169","displayName":"linkedin-clone","name":"projects/linkedin-clone-2ec1c","resources":{"hostingSite":"linkedin-clone-2ec1c","realtimeDatabaseInstance":"linkedin-clone-2ec1c-default-rtdb"},"state":"ACTIVE","etag":"1_1cb3627e-0076-4284-8758-09c4883b94b8"}
[debug] [2022-12-06T19:34:16.992Z] >>> [apiv2][query] GET https://firebase.googleapis.com/v1beta1/projects/linkedin-clone-2ec1c [none]
[debug] [2022-12-06T19:34:17.303Z] <<< [apiv2][status] GET https://firebase.googleapis.com/v1beta1/projects/linkedin-clone-2ec1c 200
[debug] [2022-12-06T19:34:17.303Z] <<< [apiv2][body] GET https://firebase.googleapis.com/v1beta1/projects/linkedin-clone-2ec1c {"projectId":"linkedin-clone-2ec1c","projectNumber":"152256702169","displayName":"linkedin-clone","name":"projects/linkedin-clone-2ec1c","resources":{"hostingSite":"linkedin-clone-2ec1c","realtimeDatabaseInstance":"linkedin-clone-2ec1c-default-rtdb"},"state":"ACTIVE","etag":"1_1cb3627e-0076-4284-8758-09c4883b94b8"}
[info] 
[info] === Deploying to 'linkedin-clone-2ec1c'...
[info] 
[info] i  deploying database, hosting 
[info] i  database: checking rules syntax... 
[debug] [2022-12-06T19:34:17.308Z] >>> [apiv2][query] GET https://firebasedatabase.googleapis.com/v1beta/projects/linkedin-clone-2ec1c/locations/-/instances/linkedin-clone-2ec1c-default-rtdb [none]
[debug] [2022-12-06T19:34:17.730Z] <<< [apiv2][status] GET https://firebasedatabase.googleapis.com/v1beta/projects/linkedin-clone-2ec1c/locations/-/instances/linkedin-clone-2ec1c-default-rtdb 200
[debug] [2022-12-06T19:34:17.731Z] <<< [apiv2][body] GET https://firebasedatabase.googleapis.com/v1beta/projects/linkedin-clone-2ec1c/locations/-/instances/linkedin-clone-2ec1c-default-rtdb {"name":"projects/152256702169/locations/us-central1/instances/linkedin-clone-2ec1c-default-rtdb","project":"projects/152256702169","databaseUrl":"https://linkedin-clone-2ec1c-default-rtdb.firebaseio.com","type":"DEFAULT_DATABASE","state":"ACTIVE"}
[debug] [2022-12-06T19:34:17.733Z] >>> [apiv2][query] PUT https://linkedin-clone-2ec1c-default-rtdb.firebaseio.com/.settings/rules.json dryRun=true
[debug] [2022-12-06T19:34:17.733Z] >>> [apiv2][body] PUT https://linkedin-clone-2ec1c-default-rtdb.firebaseio.com/.settings/rules.json "{\n  /* Visit https://firebase.google.com/docs/database/security to learn more about security rules. */\n  \"rules\": {\n    \".read\": true,\n    \".write\": true\n  }\n}"
[debug] [2022-12-06T19:34:17.968Z] <<< [apiv2][status] PUT https://linkedin-clone-2ec1c-default-rtdb.firebaseio.com/.settings/rules.json 200
[debug] [2022-12-06T19:34:17.968Z] <<< [apiv2][body] PUT https://linkedin-clone-2ec1c-default-rtdb.firebaseio.com/.settings/rules.json {"status":"ok"}
[info] ✔  database: rules syntax for database linkedin-clone-2ec1c-default-rtdb is valid 
[debug] [2022-12-06T19:34:17.974Z] >>> [apiv2][query] POST https://firebasehosting.googleapis.com/v1beta1/projects/-/sites/linkedin-clone-2ec1c/versions [none]
[debug] [2022-12-06T19:34:17.975Z] >>> [apiv2][body] POST https://firebasehosting.googleapis.com/v1beta1/projects/-/sites/linkedin-clone-2ec1c/versions {"status":"CREATED","labels":{"deployment-tool":"cli-firebase"}}
